<?xml version="1.0" encoding="UTF-8"?>
<!-- Generated by org.testng.reporters.JUnitReportReporter -->
<testsuite hostname="Dell-PC" name="com.planet.denticon.login.Login" tests="1" failures="0" timestamp="5 May 2017 02:49:07 GMT" time="1.287" errors="0">
  <testcase name="login" time="1.287" classname="com.planet.denticon.login.Login"/>
</testsuite> <!-- com.planet.denticon.login.Login -->
