<?xml version="1.0" encoding="UTF-8"?>
<!-- Generated by org.testng.reporters.JUnitReportReporter -->
<testsuite hostname="Dell-PC" name="com.planet.denticon.login.Logout" tests="1" failures="0" timestamp="5 May 2017 02:49:07 GMT" time="0.397" errors="0">
  <testcase name="logout" time="0.397" classname="com.planet.denticon.login.Logout"/>
</testsuite> <!-- com.planet.denticon.login.Logout -->
